[ 2026-05-22 10:14:10,832 ] 1025 httpx - INFO - HTTP Request: GET https://dagshub.com/api/v1/user "HTTP/1.1 200 OK"
[ 2026-05-22 10:14:10,892 ] 107 dagshub - INFO - Accessing as Harish-Uta17
[ 2026-05-22 10:14:12,281 ] 1025 httpx - INFO - HTTP Request: GET https://dagshub.com/api/v1/repos/Harish-Uta17/NetworkSecurity "HTTP/1.1 200 OK"
[ 2026-05-22 10:14:13,595 ] 1025 httpx - INFO - HTTP Request: GET https://dagshub.com/api/v1/user "HTTP/1.1 200 OK"
[ 2026-05-22 10:14:13,600 ] 107 dagshub - INFO - Initialized MLflow to track repo "Harish-Uta17/NetworkSecurity"
[ 2026-05-22 10:14:13,602 ] 107 dagshub - INFO - Repository Harish-Uta17/NetworkSecurity initialized!
[ 2026-05-22 10:14:15,061 ] 19 root - INFO - Initiating the data ingestion
[ 2026-05-22 10:14:32,446 ] 67 root - INFO - Performed train test split on the dataframe
[ 2026-05-22 10:14:32,446 ] 68 root - INFO - Train set size: (17688, 31)
[ 2026-05-22 10:14:32,446 ] 69 root - INFO - Test set size: (4422, 31)
[ 2026-05-22 10:14:32,447 ] 72 root - INFO - Saving train set to: Artifacts\05_22_2026_10_13_41\data_ingestion\ingested\train.csv
[ 2026-05-22 10:14:32,571 ] 75 root - INFO - Saved train set to: Artifacts\05_22_2026_10_13_41\data_ingestion\ingested\train.csv
[ 2026-05-22 10:14:32,572 ] 21 root - INFO - Data ingestion completed and artifact is created
[ 2026-05-22 10:14:32,612 ] 25 root - INFO - Initiating the data validation
[ 2026-05-22 10:14:32,748 ] 32 root - INFO - Required number of columns:2
[ 2026-05-22 10:14:32,748 ] 33 root - INFO - Data frame has columns:31
[ 2026-05-22 10:14:32,748 ] 32 root - INFO - Required number of columns:2
[ 2026-05-22 10:14:32,748 ] 33 root - INFO - Data frame has columns:31
[ 2026-05-22 10:14:33,066 ] 27 root - INFO - Data validation completed and artifact is created
[ 2026-05-22 10:14:33,067 ] 30 root - INFO - data transformation started
[ 2026-05-22 10:14:33,067 ] 63 root - INFO - Entered initiate_data_transformation method of DataTransformation class
[ 2026-05-22 10:14:33,067 ] 65 root - INFO - Starting data transformation
[ 2026-05-22 10:14:33,222 ] 48 root - INFO - Entered get_data_trnasformer_object method of Trnasformation class
[ 2026-05-22 10:14:33,222 ] 53 root - INFO - Initialise KNNImputer with {'missing_values': nan, 'n_neighbors': 3, 'weights': 'uniform'}
[ 2026-05-22 10:14:33,258 ] 46 root - INFO - Entered the save_object method of MainUtils class
[ 2026-05-22 10:14:33,264 ] 50 root - INFO - Exited the save_object method of MainUtils class
[ 2026-05-22 10:14:33,264 ] 46 root - INFO - Entered the save_object method of MainUtils class
[ 2026-05-22 10:14:33,270 ] 50 root - INFO - Exited the save_object method of MainUtils class
[ 2026-05-22 10:14:33,274 ] 34 root - INFO - Data transformation completed and artifact is created
[ 2026-05-22 10:14:33,275 ] 37 root - INFO - Model Training stared
[ 2026-05-22 10:24:15,994 ] 46 root - INFO - Entered the save_object method of MainUtils class
[ 2026-05-22 10:24:15,996 ] 50 root - INFO - Exited the save_object method of MainUtils class
[ 2026-05-22 10:24:15,996 ] 46 root - INFO - Entered the save_object method of MainUtils class
[ 2026-05-22 10:24:16,055 ] 50 root - INFO - Exited the save_object method of MainUtils class
[ 2026-05-22 10:24:16,055 ] 147 root - INFO - Model trainer artifact: ModelTrainerArtifact(trained_model_file_path='Artifacts\\05_22_2026_10_13_41\\model_trainer\\trained_model\\model.pkl', train_metric_artifact=ClassificationMetricArtifact(f1_score=0.9914547201294432, precision_score=0.9894035725098396, recall_score=0.9935143899473045), test_metric_artifact=ClassificationMetricArtifact(f1_score=0.9834996944387859, precision_score=0.9801055623223711, recall_score=0.9869174161896974))
[ 2026-05-22 10:24:16,064 ] 42 root - INFO - Model Training artifact created
